DEV_FDU03
Initialization Success
m_DeviceOpened
error = m_FPM.GetImageEx
error = m_FPM.GetImageEx
error = m_FPM.GetImageEx
error = m_FPM.GetImageEx
DEV_FDU03
Initialization Success
m_DeviceOpened
06/15/21 08:37:37 AM     Convert_TO_ICAO(): Operation is not activated
DEV_FDU03
Initialization Success
m_DeviceOpened
DEV_FDU03
Initialization Success
m_DeviceOpened
DEV_FDU03
Initialization Success
m_DeviceOpened
error = m_FPM.GetImageEx
error = m_FPM.GetImageEx
error = m_FPM.GetImageEx
error = m_FPM.GetImageEx
DEV_FDU03
Initialization Success
m_DeviceOpened
error = m_FPM.GetImageEx
error = m_FPM.GetImageEx
error = m_FPM.GetImageEx
error = m_FPM.GetImageEx
DEV_FDU03
Initialization Success
m_DeviceOpened
error = m_FPM.GetImageEx
error = m_FPM.GetImageEx
error = m_FPM.GetImageEx
error = m_FPM.GetImageEx
DEV_FDU03
Initialization Success
m_DeviceOpened
error = m_FPM.GetImageEx
error = m_FPM.GetImageEx
error = m_FPM.GetImageEx
error = m_FPM.GetImageEx
DEV_FDU03
Initialization Success
m_DeviceOpened
error = m_FPM.GetImageEx
error = m_FPM.GetImageEx
error = m_FPM.GetImageEx
error = m_FPM.GetImageEx
DEV_FDU03
Initialization Success
m_DeviceOpened
error = m_FPM.GetImageEx
error = m_FPM.GetImageEx
error = m_FPM.GetImageEx
error = m_FPM.GetImageEx
DEV_FDU03
Initialization Success
m_DeviceOpened
error = m_FPM.GetImageEx
error = m_FPM.GetImageEx
error = m_FPM.GetImageEx
error = m_FPM.GetImageEx
DEV_FDU03
Initialization Success
m_DeviceOpened
error = m_FPM.GetImageEx
error = m_FPM.GetImageEx
error = m_FPM.GetImageEx
error = m_FPM.GetImageEx
DEV_FDU03
Initialization Success
m_DeviceOpened
error = m_FPM.GetImageEx
error = m_FPM.GetImageEx
error = m_FPM.GetImageEx
error = m_FPM.GetImageEx
06/15/21 09:40:43 PM     CapturePhoto(): The file 'Captured Data\RAW\06152021\SN0001_20210615_093634_0010\SN0001_20210615_093634_0010_ICAO_Photo.jpg' already exists.
06/15/21 09:40:46 PM     CapturePhoto(): The file 'Captured Data\RAW\06152021\SN0001_20210615_093634_0010\SN0001_20210615_093634_0010_ICAO_Photo.jpg' already exists.
DEV_FDU03
Initialization Success
m_DeviceOpened
